[2025-05-26T05:17:19.785Z] ✅ Reusing saved access token.
[2025-05-26T05:17:19.786Z] Server running on http://localhost:3000
[2025-05-26T05:17:21.111Z] 🔗 Ticker connected.
[2025-05-26T05:17:30.039Z] start polling --orders check-- [{"account_id":"PK8786","placed_by":"PK8786","order_id":"250526100228597","exchange_order_id":"1300000013054217","parent_order_id":null,"status":"COMPLETE","status_message":null,"status_message_raw":null,"order_timestamp":"2025-05-26T08:31:00.000Z","exchange_update_timestamp":"2025-05-26 09:31:00","exchange_timestamp":"2025-05-26T08:31:00.000Z","variety":"regular","modified":false,"exchange":"NFO","tradingsymbol":"NIFTY25MAY25000CE","instrument_token":15809282,"order_type":"MARKET","transaction_type":"BUY","validity":"DAY","validity_ttl":0,"product":"NRML","quantity":750,"disclosed_quantity":0,"price":0,"trigger_price":0,"average_price":252.205,"filled_quantity":750,"pending_quantity":0,"cancelled_quantity":0,"market_protection":0,"meta":{},"tag":null,"guid":"01XHOg3mFNO2Y16"},{"account_id":"PK8786","placed_by":"PK8786","order_id":"250526100229195","exchange_order_id":"1300000013115833","parent_order_id":null,"status":"COMPLETE","status_message":null,"status_message_raw":null,"order_timestamp":"2025-05-26T08:36:12.000Z","exchange_update_timestamp":"2025-05-26 09:36:12","exchange_timestamp":"2025-05-26T08:36:12.000Z","variety":"regular","modified":false,"exchange":"NFO","tradingsymbol":"NIFTY25MAY25000CE","instrument_token":15809282,"order_type":"LIMIT","transaction_type":"SELL","validity":"DAY","validity_ttl":0,"product":"NRML","quantity":750,"disclosed_quantity":0,"price":240,"trigger_price":242,"average_price":242,"filled_quantity":750,"pending_quantity":0,"cancelled_quantity":0,"market_protection":0,"meta":{},"tag":"auto-sl","tags":["auto-sl"],"guid":"149305XGMCJflIbMPKG"},{"account_id":"PK8786","placed_by":"PK8786","order_id":"250526100276662","exchange_order_id":"1300000017148009","parent_order_id":null,"status":"COMPLETE","status_message":null,"status_message_raw":null,"order_timestamp":"2025-05-26T08:36:57.000Z","exchange_update_timestamp":"2025-05-26 09:36:57","exchange_timestamp":"2025-05-26T08:36:57.000Z","variety":"regular","modified":false,"exchange":"NFO","tradingsymbol":"NIFTY25MAY25000CE","instrument_token":15809282,"order_type":"MARKET","transaction_type":"BUY","validity":"DAY","validity_ttl":0,"product":"NRML","quantity":750,"disclosed_quantity":0,"price":0,"trigger_price":0,"average_price":248.38,"filled_quantity":750,"pending_quantity":0,"cancelled_quantity":0,"market_protection":0,"meta":{},"tag":null,"guid":"01Xp10rlbEsOdri"},{"account_id":"PK8786","placed_by":"PK8786","order_id":"250526100277497","exchange_order_id":"1300000017233416","parent_order_id":null,"status":"COMPLETE","status_message":null,"status_message_raw":null,"order_timestamp":"2025-05-26T08:42:06.000Z","exchange_update_timestamp":"2025-05-26 09:42:06","exchange_timestamp":"2025-05-26T08:42:06.000Z","variety":"regular","modified":false,"exchange":"NFO","tradingsymbol":"NIFTY25MAY25000CE","instrument_token":15809282,"order_type":"LIMIT","transaction_type":"SELL","validity":"DAY","validity_ttl":0,"product":"NRML","quantity":750,"disclosed_quantity":0,"price":236,"trigger_price":238,"average_price":238,"filled_quantity":750,"pending_quantity":0,"cancelled_quantity":0,"market_protection":0,"meta":{},"tag":"auto-sl","tags":["auto-sl"],"guid":"149305Xj34itM5Kgjam"},{"account_id":"PK8786","placed_by":"PK8786","order_id":"250526100321339","exchange_order_id":"1300000021620409","parent_order_id":null,"status":"COMPLETE","status_message":null,"status_message_raw":null,"order_timestamp":"2025-05-26T08:44:03.000Z","exchange_update_timestamp":"2025-05-26 09:44:03","exchange_timestamp":"2025-05-26T08:44:03.000Z","variety":"regular","modified":false,"exchange":"NFO","tradingsymbol":"NIFTY25MAY25000CE","instrument_token":15809282,"order_type":"MARKET","transaction_type":"BUY","validity":"DAY","validity_ttl":0,"product":"NRML","quantity":750,"disclosed_quantity":0,"price":0,"trigger_price":0,"average_price":246.48,"filled_quantity":750,"pending_quantity":0,"cancelled_quantity":0,"market_protection":0,"meta":{},"tag":null,"guid":"01XZBjDhUOb2DOF"},{"account_id":"PK8786","placed_by":"PK8786","order_id":"250526100322565","exchange_order_id":"1300000021770931","parent_order_id":null,"status":"COMPLETE","status_message":null,"status_message_raw":null,"order_timestamp":"2025-05-26T09:16:30.000Z","exchange_update_timestamp":"2025-05-26 10:16:30","exchange_timestamp":"2025-05-26T09:16:30.000Z","variety":"regular","modified":false,"exchange":"NFO","tradingsymbol":"NIFTY25MAY25000CE","instrument_token":15809282,"order_type":"LIMIT","transaction_type":"SELL","validity":"DAY","validity_ttl":0,"product":"NRML","quantity":750,"disclosed_quantity":0,"price":234,"trigger_price":236,"average_price":236,"filled_quantity":750,"pending_quantity":0,"cancelled_quantity":0,"market_protection":0,"meta":{},"tag":"auto-sl","tags":["auto-sl"],"guid":"149305XR8YRNI5nEby7"},{"account_id":"PK8786","placed_by":"PK8786","order_id":"250526100487181","exchange_order_id":"1300000039852321","parent_order_id":null,"status":"COMPLETE","status_message":null,"status_message_raw":null,"order_timestamp":"2025-05-26T09:16:48.000Z","exchange_update_timestamp":"2025-05-26 10:16:48","exchange_timestamp":"2025-05-26T09:16:48.000Z","variety":"regular","modified":false,"exchange":"NFO","tradingsymbol":"NIFTY25MAY25000PE","instrument_token":15809538,"order_type":"MARKET","transaction_type":"BUY","validity":"DAY","validity_ttl":0,"product":"NRML","quantity":750,"disclosed_quantity":0,"price":0,"trigger_price":0,"average_price":172.3,"filled_quantity":750,"pending_quantity":0,"cancelled_quantity":0,"market_protection":0,"meta":{},"tag":null,"guid":"01XJFpuOyGvowaM"},{"account_id":"PK8786","placed_by":"PK8786","order_id":"250526100506057","exchange_order_id":"1300000042333517","parent_order_id":null,"status":"COMPLETE","status_message":null,"status_message_raw":null,"order_timestamp":"2025-05-26T09:20:29.000Z","exchange_update_timestamp":"2025-05-26 10:20:29","exchange_timestamp":"2025-05-26T09:20:29.000Z","variety":"regular","modified":false,"exchange":"NFO","tradingsymbol":"NIFTY25MAY25000PE","instrument_token":15809538,"order_type":"MARKET","transaction_type":"BUY","validity":"DAY","validity_ttl":0,"product":"NRML","quantity":300,"disclosed_quantity":0,"price":0,"trigger_price":0,"average_price":188.4375,"filled_quantity":300,"pending_quantity":0,"cancelled_quantity":0,"market_protection":0,"meta":{},"tag":null,"guid":"01XZ7QAWa83dZEg"},{"account_id":"PK8786","placed_by":"PK8786","order_id":"250526100506816","exchange_order_id":"1300000042424663","parent_order_id":null,"status":"COMPLETE","status_message":null,"status_message_raw":null,"order_timestamp":"2025-05-26T09:21:33.000Z","exchange_update_timestamp":"2025-05-26 10:21:33","exchange_timestamp":"2025-05-26T09:21:33.000Z","variety":"regular","modified":false,"exchange":"NFO","tradingsymbol":"NIFTY25MAY25000PE","instrument_token":15809538,"order_type":"LIMIT","transaction_type":"SELL","validity":"DAY","validity_ttl":0,"product":"NRML","quantity":300,"disclosed_quantity":0,"price":176,"trigger_price":178,"average_price":178,"filled_quantity":300,"pending_quantity":0,"cancelled_quantity":0,"market_protection":0,"meta":{},"tag":"auto-sl","tags":["auto-sl"],"guid":"149305XmMvOrZU5V5xx"},{"account_id":"PK8786","placed_by":"PK8786","order_id":"250526100513503","exchange_order_id":null,"parent_order_id":null,"status":"REJECTED","status_message":"Insufficient funds. Required margin is 1490197.10 but available margin is 273309.00. Check the orderbook for open orders.","status_message_raw":"RMS:Margin Exceeds,Required:1490197.10, Available:273309.00 for entity account-PK8786 across exchange across segment across product ","order_timestamp":"2025-05-26T09:21:34.000Z","exchange_update_timestamp":null,"exchange_timestamp":null,"variety":"regular","modified":false,"exchange":"NFO","tradingsymbol":"NIFTY25MAY25000PE","instrument_token":15809538,"order_type":"SL","transaction_type":"SELL","validity":"DAY","validity_ttl":0,"product":"NRML","quantity":450,"disclosed_quantity":0,"price":160,"trigger_price":162,"average_price":0,"filled_quantity":0,"pending_quantity":0,"cancelled_quantity":0,"market_protection":0,"meta":{},"tag":"auto-sl","tags":["auto-sl"],"guid":"149305XhsfjvgYWI47d"},{"account_id":"PK8786","placed_by":"PK8786","order_id":"250526100531297","exchange_order_id":"1300000045528788","parent_order_id":null,"status":"COMPLETE","status_message":null,"status_message_raw":null,"order_timestamp":"2025-05-26T09:25:22.000Z","exchange_update_timestamp":"2025-05-26 10:25:22","exchange_timestamp":"2025-05-26T09:25:22.000Z","variety":"regular","modified":false,"exchange":"NFO","tradingsymbol":"NIFTY25MAY25000PE","instrument_token":15809538,"order_type":"MARKET","transaction_type":"BUY","validity":"DAY","validity_ttl":0,"product":"NRML","quantity":225,"disclosed_quantity":0,"price":0,"trigger_price":0,"average_price":185.85,"filled_quantity":225,"pending_quantity":0,"cancelled_quantity":0,"market_protection":0,"meta":{},"tag":null,"guid":"01XDXPBk3BrdNi0"},{"account_id":"PK8786","placed_by":"PK8786","order_id":"250526100531501","exchange_order_id":"1300000045565110","parent_order_id":null,"status":"COMPLETE","status_message":null,"status_message_raw":null,"order_timestamp":"2025-05-26T09:26:57.000Z","exchange_update_timestamp":"2025-05-26 10:26:57","exchange_timestamp":"2025-05-26T09:26:57.000Z","variety":"regular","modified":true,"exchange":"NFO","tradingsymbol":"NIFTY25MAY25000PE","instrument_token":15809538,"order_type":"LIMIT","transaction_type":"SELL","validity":"DAY","validity_ttl":0,"product":"NRML","quantity":225,"disclosed_quantity":0,"price":204,"trigger_price":0,"average_price":206,"filled_quantity":225,"pending_quantity":0,"cancelled_quantity":0,"market_protection":0,"meta":{},"tag":"auto-sl","tags":["auto-sl"],"guid":"149305X6zUdDJQ6rlR4"},{"account_id":"PK8786","placed_by":"PK8786","order_id":"250526100556738","exchange_order_id":null,"parent_order_id":null,"status":"REJECTED","status_message":"Insufficient funds. Required margin is 2375100.88 but available margin is 273309.00. Check the orderbook for open orders.","status_message_raw":"RMS:Margin Exceeds,Required:2375100.88, Available:273309.00 for entity account-PK8786 across exchange across segment across product ","order_timestamp":"2025-05-26T09:28:44.000Z","exchange_update_timestamp":null,"exchange_timestamp":null,"variety":"regular","modified":false,"exchange":"NFO","tradingsymbol":"NIFTY25MAY25000PE","instrument_token":15809538,"order_type":"MARKET","transaction_type":"SELL","validity":"DAY","validity_ttl":0,"product":"NRML","quantity":750,"disclosed_quantity":0,"price":0,"trigger_price":0,"average_price":0,"filled_quantity":0,"pending_quantity":0,"cancelled_quantity":0,"market_protection":0,"meta":{},"tag":null,"guid":"01XqltCihrdgOR3"},{"account_id":"PK8786","placed_by":"PK8786","order_id":"250526100487673","exchange_order_id":"1300000039908108","parent_order_id":null,"status":"COMPLETE","status_message":null,"status_message_raw":null,"order_timestamp":"2025-05-26T09:35:23.000Z","exchange_update_timestamp":"2025-05-26 10:35:23","exchange_timestamp":"2025-05-26T09:35:23.000Z","variety":"regular","modified":true,"exchange":"NFO","tradingsymbol":"NIFTY25MAY25000PE","instrument_token":15809538,"order_type":"MARKET","transaction_type":"SELL","validity":"DAY","validity_ttl":0,"product":"NRML","quantity":300,"disclosed_quantity":0,"price":0,"trigger_price":0,"average_price":234.2125,"filled_quantity":300,"pending_quantity":0,"cancelled_quantity":0,"market_protection":0,"meta":{},"tag":"auto-sl","tags":["auto-sl"],"guid":"149305XrnXDLSFZ0BuH"},{"account_id":"PK8786","placed_by":"PK8786","order_id":"250526100599634","exchange_order_id":"1300000055377954","parent_order_id":null,"status":"COMPLETE","status_message":null,"status_message_raw":null,"order_timestamp":"2025-05-26T09:36:47.000Z","exchange_update_timestamp":"2025-05-26 10:36:47","exchange_timestamp":"2025-05-26T09:36:47.000Z","variety":"regular","modified":false,"exchange":"NFO","tradingsymbol":"NIFTY25MAY25000PE","instrument_token":15809538,"order_type":"MARKET","transaction_type":"SELL","validity":"DAY","validity_ttl":0,"product":"NRML","quantity":300,"disclosed_quantity":0,"price":0,"trigger_price":0,"average_price":240.5,"filled_quantity":300,"pending_quantity":0,"cancelled_quantity":0,"market_protection":0,"meta":{},"tag":null,"guid":"01XCuzovsBcCKuG"},{"account_id":"PK8786","placed_by":"PK8786","order_id":"250526100606319","exchange_order_id":null,"parent_order_id":null,"status":"REJECTED","status_message":"Insufficient funds. Required margin is 471592.14 but available margin is 273309.00. Check the orderbook for open orders.","status_message_raw":"RMS:Margin Exceeds,Required:471592.14, Available:273309.00 for entity account-PK8786 across exchange across segment across product ","order_timestamp":"2025-05-26T09:37:45.000Z","exchange_update_timestamp":null,"exchange_timestamp":null,"variety":"regular","modified":false,"exchange":"NFO","tradingsymbol":"NIFTY25MAY25000PE","instrument_token":15809538,"order_type":"MARKET","transaction_type":"SELL","validity":"DAY","validity_ttl":0,"product":"NRML","quantity":300,"disclosed_quantity":0,"price":0,"trigger_price":0,"average_price":0,"filled_quantity":0,"pending_quantity":0,"cancelled_quantity":0,"market_protection":0,"meta":{},"tag":null,"guid":"01Xo9EbdJpf1d4y"},{"account_id":"PK8786","placed_by":"PK8786","order_id":"250526100607005","exchange_order_id":"1300000056364445","parent_order_id":null,"status":"COMPLETE","status_message":null,"status_message_raw":null,"order_timestamp":"2025-05-26T09:37:52.000Z","exchange_update_timestamp":"2025-05-26 10:37:52","exchange_timestamp":"2025-05-26T09:37:52.000Z","variety":"regular","modified":false,"exchange":"NFO","tradingsymbol":"NIFTY25MAY25000PE","instrument_token":15809538,"order_type":"MARKET","transaction_type":"SELL","validity":"DAY","validity_ttl":0,"product":"NRML","quantity":150,"disclosed_quantity":0,"price":0,"trigger_price":0,"average_price":245.2,"filled_quantity":150,"pending_quantity":0,"cancelled_quantity":0,"market_protection":0,"meta":{},"tag":null,"guid":"01XravNUm6THFWI"},{"account_id":"PK8786","placed_by":"PK8786","order_id":"250526100612819","exchange_order_id":"1300000057181240","parent_order_id":null,"status":"COMPLETE","status_message":null,"status_message_raw":null,"order_timestamp":"2025-05-26T09:38:51.000Z","exchange_update_timestamp":"2025-05-26 10:38:51","exchange_timestamp":"2025-05-26T09:38:51.000Z","variety":"regular","modified":false,"exchange":"NFO","tradingsymbol":"NIFTY25MAY25000PE","instrument_token":15809538,"order_type":"MARKET","transaction_type":"SELL","validity":"DAY","validity_ttl":0,"product":"NRML","quantity":75,"disclosed_quantity":0,"price":0,"trigger_price":0,"average_price":231.5,"filled_quantity":75,"pending_quantity":0,"cancelled_quantity":0,"market_protection":0,"meta":{},"tag":null,"guid":"01X91jah1npQC67"},{"account_id":"PK8786","placed_by":"PK8786","order_id":"250526100615059","exchange_order_id":"1300000057513289","parent_order_id":null,"status":"COMPLETE","status_message":null,"status_message_raw":null,"order_timestamp":"2025-05-26T09:45:39.000Z","exchange_update_timestamp":"2025-05-26 10:45:39","exchange_timestamp":"2025-05-26T09:45:39.000Z","variety":"regular","modified":true,"exchange":"NFO","tradingsymbol":"NIFTY25MAY25000PE","instrument_token":15809538,"order_type":"MARKET","transaction_type":"BUY","validity":"DAY","validity_ttl":0,"product":"NRML","quantity":75,"disclosed_quantity":0,"price":0,"trigger_price":0,"average_price":199.1,"filled_quantity":75,"pending_quantity":0,"cancelled_quantity":0,"market_protection":0,"meta":{},"tag":null,"guid":"01XkXrs7iSQwjDZ"}]
[2025-05-26T05:17:30.190Z] hasOpenPosition:: false
[2025-05-26T05:17:30.192Z] 🛑 No open position for NIFTY25MAY25000CE. Skipping SL.
[2025-05-26T05:17:30.351Z] hasOpenPosition:: false
[2025-05-26T05:17:30.352Z] 🛑 No open position for NIFTY25MAY25000CE. Skipping SL.
[2025-05-26T05:17:30.503Z] hasOpenPosition:: false
[2025-05-26T05:17:30.503Z] 🛑 No open position for NIFTY25MAY25000CE. Skipping SL.
[2025-05-26T05:17:30.655Z] hasOpenPosition:: false
[2025-05-26T05:17:30.655Z] 🛑 No open position for NIFTY25MAY25000PE. Skipping SL.
[2025-05-26T05:17:30.804Z] hasOpenPosition:: false
[2025-05-26T05:17:30.804Z] 🛑 No open position for NIFTY25MAY25000PE. Skipping SL.
[2025-05-26T05:17:30.958Z] hasOpenPosition:: false
[2025-05-26T05:17:30.958Z] 🛑 No open position for NIFTY25MAY25000PE. Skipping SL.
[2025-05-26T05:17:31.108Z] hasOpenPosition:: false
[2025-05-26T05:17:31.108Z] 🛑 No open position for NIFTY25MAY25000PE. Skipping SL.
[2025-05-26T05:17:31.656Z] hasOpenPosition:: false
[2025-05-26T05:17:31.656Z] 🛑 No open position for NIFTY25MAY25000PE. Skipping SL.
[2025-05-26T05:17:31.811Z] hasOpenPosition:: false
[2025-05-26T05:17:31.811Z] 🛑 No open position for NIFTY25MAY25000PE. Skipping SL.
[2025-05-26T05:17:31.971Z] hasOpenPosition:: false
[2025-05-26T05:17:31.972Z] 🛑 No open position for NIFTY25MAY25000PE. Skipping SL.
[2025-05-26T05:17:40.134Z] start polling --orders check-- [{"account_id":"PK8786","placed_by":"PK8786","order_id":"250526100228597","exchange_order_id":"1300000013054217","parent_order_id":null,"status":"COMPLETE","status_message":null,"status_message_raw":null,"order_timestamp":"2025-05-26T08:31:00.000Z","exchange_update_timestamp":"2025-05-26 09:31:00","exchange_timestamp":"2025-05-26T08:31:00.000Z","variety":"regular","modified":false,"exchange":"NFO","tradingsymbol":"NIFTY25MAY25000CE","instrument_token":15809282,"order_type":"MARKET","transaction_type":"BUY","validity":"DAY","validity_ttl":0,"product":"NRML","quantity":750,"disclosed_quantity":0,"price":0,"trigger_price":0,"average_price":252.205,"filled_quantity":750,"pending_quantity":0,"cancelled_quantity":0,"market_protection":0,"meta":{},"tag":null,"guid":"01XHOg3mFNO2Y16"},{"account_id":"PK8786","placed_by":"PK8786","order_id":"250526100229195","exchange_order_id":"1300000013115833","parent_order_id":null,"status":"COMPLETE","status_message":null,"status_message_raw":null,"order_timestamp":"2025-05-26T08:36:12.000Z","exchange_update_timestamp":"2025-05-26 09:36:12","exchange_timestamp":"2025-05-26T08:36:12.000Z","variety":"regular","modified":false,"exchange":"NFO","tradingsymbol":"NIFTY25MAY25000CE","instrument_token":15809282,"order_type":"LIMIT","transaction_type":"SELL","validity":"DAY","validity_ttl":0,"product":"NRML","quantity":750,"disclosed_quantity":0,"price":240,"trigger_price":242,"average_price":242,"filled_quantity":750,"pending_quantity":0,"cancelled_quantity":0,"market_protection":0,"meta":{},"tag":"auto-sl","tags":["auto-sl"],"guid":"149305XGMCJflIbMPKG"},{"account_id":"PK8786","placed_by":"PK8786","order_id":"250526100276662","exchange_order_id":"1300000017148009","parent_order_id":null,"status":"COMPLETE","status_message":null,"status_message_raw":null,"order_timestamp":"2025-05-26T08:36:57.000Z","exchange_update_timestamp":"2025-05-26 09:36:57","exchange_timestamp":"2025-05-26T08:36:57.000Z","variety":"regular","modified":false,"exchange":"NFO","tradingsymbol":"NIFTY25MAY25000CE","instrument_token":15809282,"order_type":"MARKET","transaction_type":"BUY","validity":"DAY","validity_ttl":0,"product":"NRML","quantity":750,"disclosed_quantity":0,"price":0,"trigger_price":0,"average_price":248.38,"filled_quantity":750,"pending_quantity":0,"cancelled_quantity":0,"market_protection":0,"meta":{},"tag":null,"guid":"01Xp10rlbEsOdri"},{"account_id":"PK8786","placed_by":"PK8786","order_id":"250526100277497","exchange_order_id":"1300000017233416","parent_order_id":null,"status":"COMPLETE","status_message":null,"status_message_raw":null,"order_timestamp":"2025-05-26T08:42:06.000Z","exchange_update_timestamp":"2025-05-26 09:42:06","exchange_timestamp":"2025-05-26T08:42:06.000Z","variety":"regular","modified":false,"exchange":"NFO","tradingsymbol":"NIFTY25MAY25000CE","instrument_token":15809282,"order_type":"LIMIT","transaction_type":"SELL","validity":"DAY","validity_ttl":0,"product":"NRML","quantity":750,"disclosed_quantity":0,"price":236,"trigger_price":238,"average_price":238,"filled_quantity":750,"pending_quantity":0,"cancelled_quantity":0,"market_protection":0,"meta":{},"tag":"auto-sl","tags":["auto-sl"],"guid":"149305Xj34itM5Kgjam"},{"account_id":"PK8786","placed_by":"PK8786","order_id":"250526100321339","exchange_order_id":"1300000021620409","parent_order_id":null,"status":"COMPLETE","status_message":null,"status_message_raw":null,"order_timestamp":"2025-05-26T08:44:03.000Z","exchange_update_timestamp":"2025-05-26 09:44:03","exchange_timestamp":"2025-05-26T08:44:03.000Z","variety":"regular","modified":false,"exchange":"NFO","tradingsymbol":"NIFTY25MAY25000CE","instrument_token":15809282,"order_type":"MARKET","transaction_type":"BUY","validity":"DAY","validity_ttl":0,"product":"NRML","quantity":750,"disclosed_quantity":0,"price":0,"trigger_price":0,"average_price":246.48,"filled_quantity":750,"pending_quantity":0,"cancelled_quantity":0,"market_protection":0,"meta":{},"tag":null,"guid":"01XZBjDhUOb2DOF"},{"account_id":"PK8786","placed_by":"PK8786","order_id":"250526100322565","exchange_order_id":"1300000021770931","parent_order_id":null,"status":"COMPLETE","status_message":null,"status_message_raw":null,"order_timestamp":"2025-05-26T09:16:30.000Z","exchange_update_timestamp":"2025-05-26 10:16:30","exchange_timestamp":"2025-05-26T09:16:30.000Z","variety":"regular","modified":false,"exchange":"NFO","tradingsymbol":"NIFTY25MAY25000CE","instrument_token":15809282,"order_type":"LIMIT","transaction_type":"SELL","validity":"DAY","validity_ttl":0,"product":"NRML","quantity":750,"disclosed_quantity":0,"price":234,"trigger_price":236,"average_price":236,"filled_quantity":750,"pending_quantity":0,"cancelled_quantity":0,"market_protection":0,"meta":{},"tag":"auto-sl","tags":["auto-sl"],"guid":"149305XR8YRNI5nEby7"},{"account_id":"PK8786","placed_by":"PK8786","order_id":"250526100487181","exchange_order_id":"1300000039852321","parent_order_id":null,"status":"COMPLETE","status_message":null,"status_message_raw":null,"order_timestamp":"2025-05-26T09:16:48.000Z","exchange_update_timestamp":"2025-05-26 10:16:48","exchange_timestamp":"2025-05-26T09:16:48.000Z","variety":"regular","modified":false,"exchange":"NFO","tradingsymbol":"NIFTY25MAY25000PE","instrument_token":15809538,"order_type":"MARKET","transaction_type":"BUY","validity":"DAY","validity_ttl":0,"product":"NRML","quantity":750,"disclosed_quantity":0,"price":0,"trigger_price":0,"average_price":172.3,"filled_quantity":750,"pending_quantity":0,"cancelled_quantity":0,"market_protection":0,"meta":{},"tag":null,"guid":"01XJFpuOyGvowaM"},{"account_id":"PK8786","placed_by":"PK8786","order_id":"250526100506057","exchange_order_id":"1300000042333517","parent_order_id":null,"status":"COMPLETE","status_message":null,"status_message_raw":null,"order_timestamp":"2025-05-26T09:20:29.000Z","exchange_update_timestamp":"2025-05-26 10:20:29","exchange_timestamp":"2025-05-26T09:20:29.000Z","variety":"regular","modified":false,"exchange":"NFO","tradingsymbol":"NIFTY25MAY25000PE","instrument_token":15809538,"order_type":"MARKET","transaction_type":"BUY","validity":"DAY","validity_ttl":0,"product":"NRML","quantity":300,"disclosed_quantity":0,"price":0,"trigger_price":0,"average_price":188.4375,"filled_quantity":300,"pending_quantity":0,"cancelled_quantity":0,"market_protection":0,"meta":{},"tag":null,"guid":"01XZ7QAWa83dZEg"},{"account_id":"PK8786","placed_by":"PK8786","order_id":"250526100506816","exchange_order_id":"1300000042424663","parent_order_id":null,"status":"COMPLETE","status_message":null,"status_message_raw":null,"order_timestamp":"2025-05-26T09:21:33.000Z","exchange_update_timestamp":"2025-05-26 10:21:33","exchange_timestamp":"2025-05-26T09:21:33.000Z","variety":"regular","modified":false,"exchange":"NFO","tradingsymbol":"NIFTY25MAY25000PE","instrument_token":15809538,"order_type":"LIMIT","transaction_type":"SELL","validity":"DAY","validity_ttl":0,"product":"NRML","quantity":300,"disclosed_quantity":0,"price":176,"trigger_price":178,"average_price":178,"filled_quantity":300,"pending_quantity":0,"cancelled_quantity":0,"market_protection":0,"meta":{},"tag":"auto-sl","tags":["auto-sl"],"guid":"149305XmMvOrZU5V5xx"},{"account_id":"PK8786","placed_by":"PK8786","order_id":"250526100513503","exchange_order_id":null,"parent_order_id":null,"status":"REJECTED","status_message":"Insufficient funds. Required margin is 1490197.10 but available margin is 273309.00. Check the orderbook for open orders.","status_message_raw":"RMS:Margin Exceeds,Required:1490197.10, Available:273309.00 for entity account-PK8786 across exchange across segment across product ","order_timestamp":"2025-05-26T09:21:34.000Z","exchange_update_timestamp":null,"exchange_timestamp":null,"variety":"regular","modified":false,"exchange":"NFO","tradingsymbol":"NIFTY25MAY25000PE","instrument_token":15809538,"order_type":"SL","transaction_type":"SELL","validity":"DAY","validity_ttl":0,"product":"NRML","quantity":450,"disclosed_quantity":0,"price":160,"trigger_price":162,"average_price":0,"filled_quantity":0,"pending_quantity":0,"cancelled_quantity":0,"market_protection":0,"meta":{},"tag":"auto-sl","tags":["auto-sl"],"guid":"149305XhsfjvgYWI47d"},{"account_id":"PK8786","placed_by":"PK8786","order_id":"250526100531297","exchange_order_id":"1300000045528788","parent_order_id":null,"status":"COMPLETE","status_message":null,"status_message_raw":null,"order_timestamp":"2025-05-26T09:25:22.000Z","exchange_update_timestamp":"2025-05-26 10:25:22","exchange_timestamp":"2025-05-26T09:25:22.000Z","variety":"regular","modified":false,"exchange":"NFO","tradingsymbol":"NIFTY25MAY25000PE","instrument_token":15809538,"order_type":"MARKET","transaction_type":"BUY","validity":"DAY","validity_ttl":0,"product":"NRML","quantity":225,"disclosed_quantity":0,"price":0,"trigger_price":0,"average_price":185.85,"filled_quantity":225,"pending_quantity":0,"cancelled_quantity":0,"market_protection":0,"meta":{},"tag":null,"guid":"01XDXPBk3BrdNi0"},{"account_id":"PK8786","placed_by":"PK8786","order_id":"250526100531501","exchange_order_id":"1300000045565110","parent_order_id":null,"status":"COMPLETE","status_message":null,"status_message_raw":null,"order_timestamp":"2025-05-26T09:26:57.000Z","exchange_update_timestamp":"2025-05-26 10:26:57","exchange_timestamp":"2025-05-26T09:26:57.000Z","variety":"regular","modified":true,"exchange":"NFO","tradingsymbol":"NIFTY25MAY25000PE","instrument_token":15809538,"order_type":"LIMIT","transaction_type":"SELL","validity":"DAY","validity_ttl":0,"product":"NRML","quantity":225,"disclosed_quantity":0,"price":204,"trigger_price":0,"average_price":206,"filled_quantity":225,"pending_quantity":0,"cancelled_quantity":0,"market_protection":0,"meta":{},"tag":"auto-sl","tags":["auto-sl"],"guid":"149305X6zUdDJQ6rlR4"},{"account_id":"PK8786","placed_by":"PK8786","order_id":"250526100556738","exchange_order_id":null,"parent_order_id":null,"status":"REJECTED","status_message":"Insufficient funds. Required margin is 2375100.88 but available margin is 273309.00. Check the orderbook for open orders.","status_message_raw":"RMS:Margin Exceeds,Required:2375100.88, Available:273309.00 for entity account-PK8786 across exchange across segment across product ","order_timestamp":"2025-05-26T09:28:44.000Z","exchange_update_timestamp":null,"exchange_timestamp":null,"variety":"regular","modified":false,"exchange":"NFO","tradingsymbol":"NIFTY25MAY25000PE","instrument_token":15809538,"order_type":"MARKET","transaction_type":"SELL","validity":"DAY","validity_ttl":0,"product":"NRML","quantity":750,"disclosed_quantity":0,"price":0,"trigger_price":0,"average_price":0,"filled_quantity":0,"pending_quantity":0,"cancelled_quantity":0,"market_protection":0,"meta":{},"tag":null,"guid":"01XqltCihrdgOR3"},{"account_id":"PK8786","placed_by":"PK8786","order_id":"250526100487673","exchange_order_id":"1300000039908108","parent_order_id":null,"status":"COMPLETE","status_message":null,"status_message_raw":null,"order_timestamp":"2025-05-26T09:35:23.000Z","exchange_update_timestamp":"2025-05-26 10:35:23","exchange_timestamp":"2025-05-26T09:35:23.000Z","variety":"regular","modified":true,"exchange":"NFO","tradingsymbol":"NIFTY25MAY25000PE","instrument_token":15809538,"order_type":"MARKET","transaction_type":"SELL","validity":"DAY","validity_ttl":0,"product":"NRML","quantity":300,"disclosed_quantity":0,"price":0,"trigger_price":0,"average_price":234.2125,"filled_quantity":300,"pending_quantity":0,"cancelled_quantity":0,"market_protection":0,"meta":{},"tag":"auto-sl","tags":["auto-sl"],"guid":"149305XrnXDLSFZ0BuH"},{"account_id":"PK8786","placed_by":"PK8786","order_id":"250526100599634","exchange_order_id":"1300000055377954","parent_order_id":null,"status":"COMPLETE","status_message":null,"status_message_raw":null,"order_timestamp":"2025-05-26T09:36:47.000Z","exchange_update_timestamp":"2025-05-26 10:36:47","exchange_timestamp":"2025-05-26T09:36:47.000Z","variety":"regular","modified":false,"exchange":"NFO","tradingsymbol":"NIFTY25MAY25000PE","instrument_token":15809538,"order_type":"MARKET","transaction_type":"SELL","validity":"DAY","validity_ttl":0,"product":"NRML","quantity":300,"disclosed_quantity":0,"price":0,"trigger_price":0,"average_price":240.5,"filled_quantity":300,"pending_quantity":0,"cancelled_quantity":0,"market_protection":0,"meta":{},"tag":null,"guid":"01XCuzovsBcCKuG"},{"account_id":"PK8786","placed_by":"PK8786","order_id":"250526100606319","exchange_order_id":null,"parent_order_id":null,"status":"REJECTED","status_message":"Insufficient funds. Required margin is 471592.14 but available margin is 273309.00. Check the orderbook for open orders.","status_message_raw":"RMS:Margin Exceeds,Required:471592.14, Available:273309.00 for entity account-PK8786 across exchange across segment across product ","order_timestamp":"2025-05-26T09:37:45.000Z","exchange_update_timestamp":null,"exchange_timestamp":null,"variety":"regular","modified":false,"exchange":"NFO","tradingsymbol":"NIFTY25MAY25000PE","instrument_token":15809538,"order_type":"MARKET","transaction_type":"SELL","validity":"DAY","validity_ttl":0,"product":"NRML","quantity":300,"disclosed_quantity":0,"price":0,"trigger_price":0,"average_price":0,"filled_quantity":0,"pending_quantity":0,"cancelled_quantity":0,"market_protection":0,"meta":{},"tag":null,"guid":"01Xo9EbdJpf1d4y"},{"account_id":"PK8786","placed_by":"PK8786","order_id":"250526100607005","exchange_order_id":"1300000056364445","parent_order_id":null,"status":"COMPLETE","status_message":null,"status_message_raw":null,"order_timestamp":"2025-05-26T09:37:52.000Z","exchange_update_timestamp":"2025-05-26 10:37:52","exchange_timestamp":"2025-05-26T09:37:52.000Z","variety":"regular","modified":false,"exchange":"NFO","tradingsymbol":"NIFTY25MAY25000PE","instrument_token":15809538,"order_type":"MARKET","transaction_type":"SELL","validity":"DAY","validity_ttl":0,"product":"NRML","quantity":150,"disclosed_quantity":0,"price":0,"trigger_price":0,"average_price":245.2,"filled_quantity":150,"pending_quantity":0,"cancelled_quantity":0,"market_protection":0,"meta":{},"tag":null,"guid":"01XravNUm6THFWI"},{"account_id":"PK8786","placed_by":"PK8786","order_id":"250526100612819","exchange_order_id":"1300000057181240","parent_order_id":null,"status":"COMPLETE","status_message":null,"status_message_raw":null,"order_timestamp":"2025-05-26T09:38:51.000Z","exchange_update_timestamp":"2025-05-26 10:38:51","exchange_timestamp":"2025-05-26T09:38:51.000Z","variety":"regular","modified":false,"exchange":"NFO","tradingsymbol":"NIFTY25MAY25000PE","instrument_token":15809538,"order_type":"MARKET","transaction_type":"SELL","validity":"DAY","validity_ttl":0,"product":"NRML","quantity":75,"disclosed_quantity":0,"price":0,"trigger_price":0,"average_price":231.5,"filled_quantity":75,"pending_quantity":0,"cancelled_quantity":0,"market_protection":0,"meta":{},"tag":null,"guid":"01X91jah1npQC67"},{"account_id":"PK8786","placed_by":"PK8786","order_id":"250526100615059","exchange_order_id":"1300000057513289","parent_order_id":null,"status":"COMPLETE","status_message":null,"status_message_raw":null,"order_timestamp":"2025-05-26T09:45:39.000Z","exchange_update_timestamp":"2025-05-26 10:45:39","exchange_timestamp":"2025-05-26T09:45:39.000Z","variety":"regular","modified":true,"exchange":"NFO","tradingsymbol":"NIFTY25MAY25000PE","instrument_token":15809538,"order_type":"MARKET","transaction_type":"BUY","validity":"DAY","validity_ttl":0,"product":"NRML","quantity":75,"disclosed_quantity":0,"price":0,"trigger_price":0,"average_price":199.1,"filled_quantity":75,"pending_quantity":0,"cancelled_quantity":0,"market_protection":0,"meta":{},"tag":null,"guid":"01XkXrs7iSQwjDZ"}]
[2025-05-26T05:17:40.286Z] hasOpenPosition:: false
[2025-05-26T05:17:40.286Z] 🛑 No open position for NIFTY25MAY25000CE. Skipping SL.
[2025-05-26T05:17:40.436Z] hasOpenPosition:: false
[2025-05-26T05:17:40.436Z] 🛑 No open position for NIFTY25MAY25000CE. Skipping SL.
[2025-05-26T05:17:40.586Z] hasOpenPosition:: false
[2025-05-26T05:17:40.586Z] 🛑 No open position for NIFTY25MAY25000CE. Skipping SL.
[2025-05-26T05:17:40.738Z] hasOpenPosition:: false
[2025-05-26T05:17:40.738Z] 🛑 No open position for NIFTY25MAY25000PE. Skipping SL.
[2025-05-26T05:17:40.894Z] hasOpenPosition:: false
[2025-05-26T05:17:40.895Z] 🛑 No open position for NIFTY25MAY25000PE. Skipping SL.
[2025-05-26T05:17:41.050Z] hasOpenPosition:: false
[2025-05-26T05:17:41.050Z] 🛑 No open position for NIFTY25MAY25000PE. Skipping SL.
[2025-05-26T05:17:41.202Z] hasOpenPosition:: false
[2025-05-26T05:17:41.202Z] 🛑 No open position for NIFTY25MAY25000PE. Skipping SL.
[2025-05-26T05:17:41.362Z] hasOpenPosition:: false
[2025-05-26T05:17:41.362Z] 🛑 No open position for NIFTY25MAY25000PE. Skipping SL.
[2025-05-26T05:17:41.509Z] hasOpenPosition:: false
[2025-05-26T05:17:41.509Z] 🛑 No open position for NIFTY25MAY25000PE. Skipping SL.
[2025-05-26T05:17:41.665Z] hasOpenPosition:: false
[2025-05-26T05:17:41.666Z] 🛑 No open position for NIFTY25MAY25000PE. Skipping SL.
[2025-05-26T09:52:32.935Z] ✅ Reusing saved access token.
[2025-05-26T09:52:32.936Z] Server running on http://localhost:3000
[2025-05-26T09:53:44.558Z] ✅ Reusing saved access token.
[2025-05-26T09:53:44.559Z] Server running on http://localhost:3000
[2025-05-26T09:53:45.973Z] 🔗 Ticker connected.
[2025-05-26T09:54:00.602Z] ✅ Reusing saved access token.
[2025-05-26T09:54:00.603Z] Server running on http://localhost:3000
[2025-05-26T09:54:02.878Z] ✅ Reusing saved access token.
[2025-05-26T09:54:02.880Z] Server running on http://localhost:3000
[2025-05-26T09:54:02.904Z] [object Set]
[2025-05-26T09:54:04.365Z] 🔗 Ticker connected.
[2025-05-26T09:54:05.204Z] ✅ Reusing saved access token.
[2025-05-26T09:54:05.206Z] Server running on http://localhost:3000
[2025-05-26T09:54:05.237Z] subscribedTokens [object Set]
[2025-05-26T09:54:06.595Z] 🔗 Ticker connected.
[2025-05-26T09:55:28.321Z] ✅ Reusing saved access token.
[2025-05-26T09:55:28.322Z] Server running on http://localhost:3000
[2025-05-26T09:55:28.346Z] subscribedTokens [object Set]
[2025-05-26T09:55:29.713Z] 🔗 Ticker connected.
[2025-05-26T09:55:40.007Z] ✅ Reusing saved access token.
[2025-05-26T09:55:40.009Z] Server running on http://localhost:3000
[2025-05-26T09:55:40.035Z] subscribedTokens [object Set]
[2025-05-26T09:55:41.446Z] 🔗 Ticker connected.
[2025-05-26T09:55:42.029Z] ✅ Reusing saved access token.
[2025-05-26T09:55:42.030Z] Server running on http://localhost:3000
[2025-05-26T09:55:42.056Z] subscribedTokens [object Set]
[2025-05-26T09:55:42.056Z] 📉 Live PnL (tick-based) start
[2025-05-26T09:55:43.249Z] 📉 Live PnL (tick-based): ₹30502.50
[2025-05-26T09:55:43.657Z] 🔗 Ticker connected.
[2025-05-26T09:55:57.501Z] ✅ Reusing saved access token.
[2025-05-26T09:55:57.502Z] Server running on http://localhost:3000
[2025-05-26T09:55:57.527Z] subscribedTokens [object Set]
[2025-05-26T09:55:57.528Z] 📉 Monitor start
[2025-05-26T09:55:58.571Z] 📉 Live PnL (tick-based): ₹30502.50
[2025-05-26T09:55:59.007Z] 🔗 Ticker connected.
[2025-05-26T09:55:59.223Z] ✅ Reusing saved access token.
[2025-05-26T09:55:59.224Z] Server running on http://localhost:3000
[2025-05-26T09:55:59.249Z] subscribedTokens [object Set]
[2025-05-26T09:55:59.249Z] 📉 Monitor PnL start
[2025-05-26T09:56:00.143Z] 📉 Live PnL (tick-based): ₹30502.50
[2025-05-26T09:56:00.571Z] 🔗 Ticker connected.
[2025-05-26T09:56:04.843Z] ✅ Reusing saved access token.
[2025-05-26T09:56:04.844Z] Server running on http://localhost:3000
[2025-05-26T09:56:04.869Z] subscribedTokens [object Set]
[2025-05-26T09:56:04.870Z] 📉 Monitor PnL start
[2025-05-26T09:56:05.848Z] 📉 PnL (tick-based): ₹30502.50
[2025-05-26T09:56:06.288Z] 🔗 Ticker connected.
[2025-05-26T09:56:16.432Z] ✅ Reusing saved access token.
[2025-05-26T09:56:16.433Z] Server running on http://localhost:3000
[2025-05-26T09:56:16.458Z] subscribedTokens [object Set]
[2025-05-26T09:56:16.458Z] 📉 Monitor PnL start
[2025-05-26T09:56:17.474Z] 📉 PnL (tick-based): ₹30502.50
[2025-05-26T09:56:17.902Z] 🔗 Ticker connected.
[2025-05-26T09:56:18.880Z] ✅ Reusing saved access token.
[2025-05-26T09:56:18.882Z] Server running on http://localhost:3000
[2025-05-26T09:56:18.906Z] subscribedTokens [object Set]
[2025-05-26T09:56:18.907Z] 📉 Monitor PnL start
[2025-05-26T09:56:20.375Z] 📉 PnL (tick-based): ₹30502.50
[2025-05-26T09:56:20.789Z] 🔗 Ticker connected.
[2025-05-26T09:56:29.516Z] ✅ Reusing saved access token.
[2025-05-26T09:56:29.517Z] Server running on http://localhost:3000
[2025-05-26T09:56:29.545Z] subscribedTokens [object Set]
[2025-05-26T09:56:31.007Z] 🔗 Ticker connected.
[2025-05-26T09:56:33.344Z] ✅ Reusing saved access token.
[2025-05-26T09:56:33.345Z] Server running on http://localhost:3000
[2025-05-26T09:56:33.371Z] subscribedTokens [object Set]
[2025-05-26T09:56:34.512Z] ✅ Reusing saved access token.
[2025-05-26T09:56:34.513Z] Server running on http://localhost:3000
[2025-05-26T09:56:34.541Z] subscribedTokens [object Set]
[2025-05-26T09:56:36.048Z] 🔗 Ticker connected.
[2025-05-26T09:56:44.512Z] 📉 Monitor PnL start
[2025-05-26T09:56:44.768Z] 📉 PnL (tick-based): ₹30502.50
[2025-05-26T09:56:54.512Z] 📉 Monitor PnL start
[2025-05-26T09:56:54.735Z] 📉 PnL (tick-based): ₹30502.50
[2025-05-26T09:56:55.340Z] ✅ Reusing saved access token.
[2025-05-26T09:56:55.341Z] Server running on http://localhost:3000
[2025-05-26T09:56:55.366Z] subscribedTokens [object Set]
[2025-05-26T09:56:56.864Z] 🔗 Ticker connected.
[2025-05-26T09:57:04.823Z] ✅ Reusing saved access token.
[2025-05-26T09:57:04.825Z] Server running on http://localhost:3000
[2025-05-26T09:57:04.849Z] subscribedTokens [object Set]
[2025-05-26T09:57:06.413Z] 🔗 Ticker connected.
[2025-05-26T09:57:14.823Z] 📉 Monitor PnL start
[2025-05-26T09:57:15.071Z] 📉 PnL polling: ₹30502.50
[2025-05-26T09:57:24.824Z] 📉 Monitor PnL start
[2025-05-26T09:57:25.025Z] 📉 PnL polling: ₹30502.50
[2025-05-26T09:57:34.824Z] 📉 Monitor PnL start
[2025-05-26T09:57:35.079Z] 📉 PnL polling: ₹30502.50
[2025-05-26T09:57:44.825Z] 📉 Monitor PnL start
[2025-05-26T09:57:45.029Z] 📉 PnL polling: ₹30502.50
[2025-05-26T09:57:54.826Z] 📉 Monitor PnL start
[2025-05-26T09:57:55.027Z] 📉 PnL polling: ₹30502.50
[2025-05-26T09:58:04.826Z] 📉 Monitor PnL start
[2025-05-26T09:58:05.037Z] 📉 PnL polling: ₹30502.50
[2025-05-26T09:58:14.827Z] 📉 Monitor PnL start
[2025-05-26T09:58:15.020Z] 📉 PnL polling: ₹30502.50
[2025-05-26T09:58:24.828Z] 📉 Monitor PnL start
[2025-05-26T09:58:25.023Z] 📉 PnL polling: ₹30502.50
[2025-05-26T09:58:34.828Z] 📉 Monitor PnL start
[2025-05-26T09:58:35.059Z] 📉 PnL polling: ₹30502.50
[2025-05-26T09:58:44.829Z] 📉 Monitor PnL start
[2025-05-26T09:58:45.051Z] 📉 PnL polling: ₹30502.50
[2025-05-26T09:58:54.831Z] 📉 Monitor PnL start
[2025-05-26T09:58:55.033Z] 📉 PnL polling: ₹30502.50
[2025-05-26T09:59:04.831Z] 📉 Monitor PnL start
[2025-05-26T09:59:05.438Z] 📉 PnL polling: ₹30502.50
[2025-05-26T09:59:14.832Z] 📉 Monitor PnL start
[2025-05-26T09:59:15.029Z] 📉 PnL polling: ₹30502.50
[2025-05-26T09:59:24.832Z] 📉 Monitor PnL start
[2025-05-26T09:59:25.049Z] 📉 PnL polling: ₹30502.50
[2025-05-26T09:59:34.833Z] 📉 Monitor PnL start
[2025-05-26T09:59:35.030Z] 📉 PnL polling: ₹30502.50
[2025-05-26T09:59:44.834Z] 📉 Monitor PnL start
[2025-05-26T09:59:45.027Z] 📉 PnL polling: ₹30502.50
[2025-05-26T09:59:54.835Z] 📉 Monitor PnL start
[2025-05-26T09:59:55.054Z] 📉 PnL polling: ₹30502.50
[2025-05-26T10:00:04.835Z] 📉 Monitor PnL start
[2025-05-26T10:00:05.030Z] 📉 PnL polling: ₹30502.50
[2025-05-26T10:00:14.836Z] 📉 Monitor PnL start
[2025-05-26T10:00:15.143Z] 📉 PnL polling: ₹30502.50
[2025-05-26T10:00:24.836Z] 📉 Monitor PnL start
[2025-05-26T10:00:25.038Z] 📉 PnL polling: ₹30502.50
[2025-05-26T10:00:34.838Z] 📉 Monitor PnL start
[2025-05-26T10:00:35.034Z] 📉 PnL polling: ₹30502.50
[2025-05-26T10:00:44.840Z] 📉 Monitor PnL start
[2025-05-26T10:00:45.031Z] 📉 PnL polling: ₹30502.50
[2025-05-26T10:00:54.840Z] 📉 Monitor PnL start
[2025-05-26T10:00:55.058Z] 📉 PnL polling: ₹30502.50
[2025-05-26T10:01:04.841Z] 📉 Monitor PnL start
[2025-05-26T10:01:05.045Z] 📉 PnL polling: ₹30502.50
[2025-05-26T10:01:14.842Z] 📉 Monitor PnL start
[2025-05-26T10:01:15.039Z] 📉 PnL polling: ₹30502.50
[2025-05-26T10:01:24.844Z] 📉 Monitor PnL start
[2025-05-26T10:01:25.041Z] 📉 PnL polling: ₹30502.50
[2025-05-26T10:01:34.844Z] 📉 Monitor PnL start
[2025-05-26T10:01:35.044Z] 📉 PnL polling: ₹30502.50
[2025-05-26T10:01:44.845Z] 📉 Monitor PnL start
[2025-05-26T10:01:45.041Z] 📉 PnL polling: ₹30502.50
[2025-05-26T10:01:54.846Z] 📉 Monitor PnL start
[2025-05-26T10:01:55.042Z] 📉 PnL polling: ₹30502.50
[2025-05-26T10:02:04.847Z] 📉 Monitor PnL start
[2025-05-26T10:02:05.046Z] 📉 PnL polling: ₹30502.50
[2025-05-26T10:02:14.847Z] 📉 Monitor PnL start
[2025-05-26T10:02:15.518Z] 📉 PnL polling: ₹30502.50
[2025-05-26T10:02:24.848Z] 📉 Monitor PnL start
[2025-05-26T10:02:25.046Z] 📉 PnL polling: ₹30502.50
[2025-05-26T10:02:34.849Z] 📉 Monitor PnL start
[2025-05-26T10:02:35.044Z] 📉 PnL polling: ₹30502.50
[2025-05-26T10:02:44.851Z] 📉 Monitor PnL start
[2025-05-26T10:02:45.051Z] 📉 PnL polling: ₹30502.50
[2025-05-26T10:02:54.852Z] 📉 Monitor PnL start
[2025-05-26T10:02:55.056Z] 📉 PnL polling: ₹30502.50
[2025-05-26T10:03:04.852Z] 📉 Monitor PnL start
[2025-05-26T10:03:05.053Z] 📉 PnL polling: ₹30502.50
[2025-05-26T10:03:14.852Z] 📉 Monitor PnL start
[2025-05-26T10:03:15.433Z] 📉 PnL polling: ₹30502.50
[2025-05-26T10:03:24.853Z] 📉 Monitor PnL start
[2025-05-26T10:03:25.046Z] 📉 PnL polling: ₹30502.50
[2025-05-26T10:03:34.854Z] 📉 Monitor PnL start
[2025-05-26T10:03:35.075Z] 📉 PnL polling: ₹30502.50
[2025-05-26T10:03:44.855Z] 📉 Monitor PnL start
[2025-05-26T10:03:45.054Z] 📉 PnL polling: ₹30502.50
[2025-05-26T10:03:54.855Z] 📉 Monitor PnL start
[2025-05-26T10:03:55.058Z] 📉 PnL polling: ₹30502.50
[2025-05-26T10:04:04.855Z] 📉 Monitor PnL start
[2025-05-26T10:04:05.057Z] 📉 PnL polling: ₹30502.50
[2025-05-26T10:04:14.856Z] 📉 Monitor PnL start
[2025-05-26T10:04:15.456Z] 📉 PnL polling: ₹30502.50
[2025-05-26T10:04:24.857Z] 📉 Monitor PnL start
[2025-05-26T10:04:25.060Z] 📉 PnL polling: ₹30502.50
[2025-05-26T10:04:34.857Z] 📉 Monitor PnL start
[2025-05-26T10:04:35.450Z] 📉 PnL polling: ₹30502.50
[2025-05-26T10:04:44.858Z] 📉 Monitor PnL start
[2025-05-26T10:04:45.054Z] 📉 PnL polling: ₹30502.50
[2025-05-26T10:04:54.860Z] 📉 Monitor PnL start
[2025-05-26T10:04:55.081Z] 📉 PnL polling: ₹30502.50
